[master 2eb18f9] Git art from raspberry-pi, commiting from behind of the bedroom drawer
 2 files changed, 1 insertion(+)
 create mode 100644 nohup.out
To github.com:vadzimr/vadzimr-Contributions-Graph.git
   a9de95d..2eb18f9  master -> master
[master cf6c7b9] Git art from raspberry-pi, commiting from behind of the bedroom drawer
 2 files changed, 6 insertions(+)
To github.com:vadzimr/vadzimr-Contributions-Graph.git
   2eb18f9..cf6c7b9  master -> master
[master e4ad39e] Git art from raspberry-pi, commiting from behind of the bedroom drawer
 2 files changed, 5 insertions(+)
To github.com:vadzimr/vadzimr-Contributions-Graph.git
   cf6c7b9..e4ad39e  master -> master
[master b57bb76] Git art from raspberry-pi, commiting from behind of the bedroom drawer
 2 files changed, 5 insertions(+)
Warning: Permanently added the RSA host key for IP address '140.82.112.4' to the list of known hosts.
To github.com:vadzimr/vadzimr-Contributions-Graph.git
   e4ad39e..b57bb76  master -> master
[master 260a79e] Git art from raspberry-pi, commiting from behind of the bedroom drawer
 2 files changed, 6 insertions(+)
To github.com:vadzimr/vadzimr-Contributions-Graph.git
   b57bb76..260a79e  master -> master
